<?xml version="1.0" encoding="UTF-8"?>
<!-- Generated by org.testng.reporters.JUnitXMLReporter -->
<testsuite ignored="0" hostname="DESKTOP-7TJTQOG" failures="1" tests="1" name="Test" time="137.362" errors="0" timestamp="2025-04-05T19:01:27 IST">
  <testcase classname="QATest.TestCase1" name="loginNaukri" time="137.303">
    <failure type="org.openqa.selenium.ElementClickInterceptedException" message="element click intercepted: Element &amp;lt;span&amp;gt;...&amp;lt;/span&amp;gt; is not clickable at point (949, 669). Other element would receive the click: &amp;lt;div class=&amp;quot;styles_pagination__oIvXh&amp;quot; id=&amp;quot;lastCompMark&amp;quot;&amp;gt;...&amp;lt;/div&amp;gt;
  (Session info: chrome=135.0.7049.41)
Build info: version: &amp;apos;4.30.0&amp;apos;, revision: &amp;apos;509c7f17cc*&amp;apos;
System info: os.name: &amp;apos;Windows 11&amp;apos;, os.arch: &amp;apos;amd64&amp;apos;, os.version: &amp;apos;10.0&amp;apos;, java.version: &amp;apos;17.0.8.1&amp;apos;
Driver info: org.openqa.selenium.chrome.ChromeDriver
Command: [ec95b69d58258937688706e83c7b28fc, clickElement {id=f.64DF809F03224B5451C45DB6A7BB668A.d.1FBA092400C1EFB6C8D78951CF3CD0D3.e.1040}]
Capabilities {acceptInsecureCerts: false, browserName: chrome, browserVersion: 135.0.7049.41, chrome: {chromedriverVersion: 135.0.7049.42 (0f351bbd2617..., userDataDir: C:\Users\ABHISHEK\AppData\L...}, fedcm:accounts: true, goog:chromeOptions: {debuggerAddress: localhost:59824}, networkConnectionEnabled: false, pageLoadStrategy: normal, platformName: windows, proxy: Proxy(), se:cdp: ws://localhost:59824/devtoo..., se:cdpVersion: 135.0.7049.41, setWindowRect: true, strictFileInteractability: false, timeouts: {implicit: 0, pageLoad: 300000, script: 30000}, unhandledPromptBehavior: dismiss and notify, webauthn:extension:credBlob: true, webauthn:extension:largeBlob: true, webauthn:extension:minPinLength: true, webauthn:extension:prf: true, webauthn:virtualAuthenticators: true}
Element: [[ChromeDriver: chrome on windows (ec95b69d58258937688706e83c7b28fc)] -&amp;gt; xpath: //*[contains(@class,&amp;apos;pagination&amp;apos;) and @id=&amp;apos;lastCompMark&amp;apos;]//a/descendant-or-self::*[text()=&amp;apos;Next&amp;apos;]]
Session ID: ec95b69d58258937688706e83c7b28fc">
      <![CDATA[org.openqa.selenium.ElementClickInterceptedException: element click intercepted: Element <span>...</span> is not clickable at point (949, 669). Other element would receive the click: <div class="styles_pagination__oIvXh" id="lastCompMark">...</div>
  (Session info: chrome=135.0.7049.41)
Build info: version: '4.30.0', revision: '509c7f17cc*'
System info: os.name: 'Windows 11', os.arch: 'amd64', os.version: '10.0', java.version: '17.0.8.1'
Driver info: org.openqa.selenium.chrome.ChromeDriver
Command: [ec95b69d58258937688706e83c7b28fc, clickElement {id=f.64DF809F03224B5451C45DB6A7BB668A.d.1FBA092400C1EFB6C8D78951CF3CD0D3.e.1040}]
Capabilities {acceptInsecureCerts: false, browserName: chrome, browserVersion: 135.0.7049.41, chrome: {chromedriverVersion: 135.0.7049.42 (0f351bbd2617..., userDataDir: C:\Users\ABHISHEK\AppData\L...}, fedcm:accounts: true, goog:chromeOptions: {debuggerAddress: localhost:59824}, networkConnectionEnabled: false, pageLoadStrategy: normal, platformName: windows, proxy: Proxy(), se:cdp: ws://localhost:59824/devtoo..., se:cdpVersion: 135.0.7049.41, setWindowRect: true, strictFileInteractability: false, timeouts: {implicit: 0, pageLoad: 300000, script: 30000}, unhandledPromptBehavior: dismiss and notify, webauthn:extension:credBlob: true, webauthn:extension:largeBlob: true, webauthn:extension:minPinLength: true, webauthn:extension:prf: true, webauthn:virtualAuthenticators: true}
Element: [[ChromeDriver: chrome on windows (ec95b69d58258937688706e83c7b28fc)] -> xpath: //*[contains(@class,'pagination') and @id='lastCompMark']//a/descendant-or-self::*[text()='Next']]
Session ID: ec95b69d58258937688706e83c7b28fc
at org.openqa.selenium.remote.ErrorCodec.decode(ErrorCodec.java:167)
at org.openqa.selenium.remote.codec.w3c.W3CHttpResponseCodec.decode(W3CHttpResponseCodec.java:138)
at org.openqa.selenium.remote.codec.w3c.W3CHttpResponseCodec.decode(W3CHttpResponseCodec.java:50)
at org.openqa.selenium.remote.HttpCommandExecutor.execute(HttpCommandExecutor.java:215)
at org.openqa.selenium.remote.service.DriverCommandExecutor.invokeExecute(DriverCommandExecutor.java:216)
at org.openqa.selenium.remote.service.DriverCommandExecutor.execute(DriverCommandExecutor.java:174)
at org.openqa.selenium.remote.RemoteWebDriver.execute(RemoteWebDriver.java:545)
at org.openqa.selenium.remote.RemoteWebElement.execute(RemoteWebElement.java:223)
at org.openqa.selenium.remote.RemoteWebElement.click(RemoteWebElement.java:76)
at QATest.TestCase1.loginNaukri(TestCase1.java:49)
at java.base/java.util.ArrayList.forEach(ArrayList.java:1511)
... Removed 32 stack frames]]>
    </failure>
  </testcase> <!-- loginNaukri -->
</testsuite> <!-- Test -->
